# JRE version: OpenJDK Runtime Environment (8.0_402-b06) (build 1.8.0_402-b06)
# Java VM: OpenJDK 64-Bit Server VM (25.402-b06 mixed mode windows-amd64 compressed oops)
Heap:
 PSYoungGen      total 67072K, used 19748K [0x0000000775980000, 0x000000077dc80000, 0x00000007c0000000)
  eden space 57856K, 34% used [0x0000000775980000,0x0000000776cc9358,0x0000000779200000)
  from space 9216K, 0% used [0x0000000779200000,0x0000000779200000,0x0000000779b00000)
  to   space 9216K, 0% used [0x000000077d380000,0x000000077d380000,0x000000077dc80000)
 ParOldGen       total 120320K, used 18777K [0x00000006e0c00000, 0x00000006e8180000, 0x0000000775980000)
  object space 120320K, 15% used [0x00000006e0c00000,0x00000006e1e565c8,0x00000006e8180000)
 Metaspace       used 21992K, capacity 22306K, committed 22656K, reserved 1069056K
  class space    used 2765K, capacity 2867K, committed 2944K, reserved 1048576K
GC Heap History (8 events):
Event: 0.803 GC heap before
{Heap before GC invocations=1 (full 0):
 PSYoungGen      total 67072K, used 57856K [0x0000000775980000, 0x000000077a400000, 0x00000007c0000000)
  eden space 57856K, 100% used [0x0000000775980000,0x0000000779200000,0x0000000779200000)
  from space 9216K, 0% used [0x0000000779b00000,0x0000000779b00000,0x000000077a400000)
  to   space 9216K, 0% used [0x0000000779200000,0x0000000779200000,0x0000000779b00000)
 ParOldGen       total 153088K, used 0K [0x00000006e0c00000, 0x00000006ea180000, 0x0000000775980000)
  object space 153088K, 0% used [0x00000006e0c00000,0x00000006e0c00000,0x00000006ea180000)
 Metaspace       used 10145K, capacity 10332K, committed 10624K, reserved 1058816K
  class space    used 1210K, capacity 1288K, committed 1408K, reserved 1048576K
Event: 0.810 GC heap after
Heap after GC invocations=1 (full 0):
 PSYoungGen      total 67072K, used 9213K [0x0000000775980000, 0x000000077a400000, 0x00000007c0000000)
  eden space 57856K, 0% used [0x0000000775980000,0x0000000775980000,0x0000000779200000)
  from space 9216K, 99% used [0x0000000779200000,0x0000000779aff598,0x0000000779b00000)
  to   space 9216K, 0% used [0x0000000779b00000,0x0000000779b00000,0x000000077a400000)
 ParOldGen       total 153088K, used 2688K [0x00000006e0c00000, 0x00000006ea180000, 0x0000000775980000)
  object space 153088K, 1% used [0x00000006e0c00000,0x00000006e0ea0110,0x00000006ea180000)
 Metaspace       used 10145K, capacity 10332K, committed 10624K, reserved 1058816K
  class space    used 1210K, capacity 1288K, committed 1408K, reserved 1048576K
}
Event: 1.338 GC heap before
{Heap before GC invocations=2 (full 0):
 PSYoungGen      total 67072K, used 67069K [0x0000000775980000, 0x000000077a400000, 0x00000007c0000000)
  eden space 57856K, 100% used [0x0000000775980000,0x0000000779200000,0x0000000779200000)
  from space 9216K, 99% used [0x0000000779200000,0x0000000779aff598,0x0000000779b00000)
  to   space 9216K, 0% used [0x0000000779b00000,0x0000000779b00000,0x000000077a400000)
 ParOldGen       total 153088K, used 2688K [0x00000006e0c00000, 0x00000006ea180000, 0x0000000775980000)
  object space 153088K, 1% used [0x00000006e0c00000,0x00000006e0ea0110,0x00000006ea180000)
 Metaspace       used 15116K, capacity 15346K, committed 15616K, reserved 1062912K
  class space    used 1902K, capacity 1969K, committed 2048K, reserved 1048576K
Event: 1.349 GC heap after
Heap after GC invocations=2 (full 0):
 PSYoungGen      total 67072K, used 9200K [0x0000000775980000, 0x000000077dc80000, 0x00000007c0000000)
  eden space 57856K, 0% used [0x0000000775980000,0x0000000775980000,0x0000000779200000)
  from space 9216K, 99% used [0x0000000779b00000,0x000000077a3fc020,0x000000077a400000)
  to   space 9216K, 0% used [0x0000000779200000,0x0000000779200000,0x0000000779b00000)
 ParOldGen       total 153088K, used 9560K [0x00000006e0c00000, 0x00000006ea180000, 0x0000000775980000)
  object space 153088K, 6% used [0x00000006e0c00000,0x00000006e1556170,0x00000006ea180000)
 Metaspace       used 15116K, capacity 15346K, committed 15616K, reserved 1062912K
  class space    used 1902K, capacity 1969K, committed 2048K, reserved 1048576K
}
Event: 2.167 GC heap before
{Heap before GC invocations=3 (full 0):
 PSYoungGen      total 67072K, used 65758K [0x0000000775980000, 0x000000077dc80000, 0x00000007c0000000)
  eden space 57856K, 97% used [0x0000000775980000,0x00000007790bbbd8,0x0000000779200000)
  from space 9216K, 99% used [0x0000000779b00000,0x000000077a3fc020,0x000000077a400000)
  to   space 9216K, 0% used [0x0000000779200000,0x0000000779200000,0x0000000779b00000)
 ParOldGen       total 153088K, used 9560K [0x00000006e0c00000, 0x00000006ea180000, 0x0000000775980000)
  object space 153088K, 6% used [0x00000006e0c00000,0x00000006e1556170,0x00000006ea180000)
 Metaspace       used 20866K, capacity 21088K, committed 21248K, reserved 1067008K
  class space    used 2648K, capacity 2728K, committed 2816K, reserved 1048576K
Event: 2.181 GC heap after
Heap after GC invocations=3 (full 0):
 PSYoungGen      total 67072K, used 9202K [0x0000000775980000, 0x000000077dc80000, 0x00000007c0000000)
  eden space 57856K, 0% used [0x0000000775980000,0x0000000775980000,0x0000000779200000)
  from space 9216K, 99% used [0x0000000779200000,0x0000000779afcac8,0x0000000779b00000)
  to   space 9216K, 0% used [0x000000077d380000,0x000000077d380000,0x000000077dc80000)
 ParOldGen       total 153088K, used 17467K [0x00000006e0c00000, 0x00000006ea180000, 0x0000000775980000)
  object space 153088K, 11% used [0x00000006e0c00000,0x00000006e1d0ee28,0x00000006ea180000)
 Metaspace       used 20866K, capacity 21088K, committed 21248K, reserved 1067008K
  class space    used 2648K, capacity 2728K, committed 2816K, reserved 1048576K
}
Event: 2.181 GC heap before
{Heap before GC invocations=4 (full 1):
 PSYoungGen      total 67072K, used 9202K [0x0000000775980000, 0x000000077dc80000, 0x00000007c0000000)
  eden space 57856K, 0% used [0x0000000775980000,0x0000000775980000,0x0000000779200000)
  from space 9216K, 99% used [0x0000000779200000,0x0000000779afcac8,0x0000000779b00000)
  to   space 9216K, 0% used [0x000000077d380000,0x000000077d380000,0x000000077dc80000)
 ParOldGen       total 153088K, used 17467K [0x00000006e0c00000, 0x00000006ea180000, 0x0000000775980000)
  object space 153088K, 11% used [0x00000006e0c00000,0x00000006e1d0ee28,0x00000006ea180000)
 Metaspace       used 20866K, capacity 21088K, committed 21248K, reserved 1067008K
  class space    used 2648K, capacity 2728K, committed 2816K, reserved 1048576K
Event: 2.224 GC heap after
Heap after GC invocations=4 (full 1):
 PSYoungGen      total 67072K, used 0K [0x0000000775980000, 0x000000077dc80000, 0x00000007c0000000)
  eden space 57856K, 0% used [0x0000000775980000,0x0000000775980000,0x0000000779200000)
  from space 9216K, 0% used [0x0000000779200000,0x0000000779200000,0x0000000779b00000)
  to   space 9216K, 0% used [0x000000077d380000,0x000000077d380000,0x000000077dc80000)
 ParOldGen       total 120320K, used 18777K [0x00000006e0c00000, 0x00000006e8180000, 0x0000000775980000)
  object space 120320K, 15% used [0x00000006e0c00000,0x00000006e1e565c8,0x00000006e8180000)
 Metaspace       used 20866K, capacity 21088K, committed 21248K, reserved 1067008K
  class space    used 2648K, capacity 2728K, committed 2816K, reserved 1048576K
}

